<?xml version="1.0" encoding="UTF-8"?>
<!-- Generated by org.testng.reporters.JUnitXMLReporter -->
<testsuite ignored="0" hostname="Dharun" failures="1" tests="2" name="Default test" time="10.954" errors="0" timestamp="2024-03-15T19:20:02 IST">
  <testcase classname="TestRunner.CreateAccLUMA_TestRunner" name="print" time="0.012"/>
  <testcase classname="io.cucumber.testng.AbstractTestNGCucumberTests" name="runScenario" time="9.548">
    <failure type="java.lang.NullPointerException" message="Cannot invoke &amp;quot;com.aventstack.extentreports.ExtentTest.addScreenCaptureFromPath(String)&amp;quot; because the return value of &amp;quot;CommonFiles.ExtentReportManager.getExtentTest()&amp;quot; is null">
      <![CDATA[java.lang.NullPointerException: Cannot invoke "com.aventstack.extentreports.ExtentTest.addScreenCaptureFromPath(String)" because the return value of "CommonFiles.ExtentReportManager.getExtentTest()" is null
at CommonFiles.ExtentManager.logTestWithScreenshot(ExtentManager.java:55)
at StepDefinitions.CreateAccLUMA.launchURL(CreateAccLUMA.java:38)
at ✽.Launch Browser(file:///P:/Code/SeleniumWithCucumber_Testing/src/test/java/Features/CreateAccLUMA.feature:3)
]]>
    </failure>
  </testcase> <!-- runScenario -->
</testsuite> <!-- Default test -->
