<?xml version="1.0" encoding="UTF-8"?>
<testng-results ignored="0" total="2" passed="2" failed="0" skipped="0">
  <reporter-output>
  </reporter-output>
  <suite started-at="2024-02-05T19:49:15 IST" name="Default suite" finished-at="2024-02-05T19:50:17 IST" duration-ms="62343">
    <groups>
      <group name="cucumber">
        <method signature="AbstractTestNGCucumberTests.runScenario(io.cucumber.testng.PickleWrapper,io.cucumber.testng.FeatureWrapper)[pri:0, instance:TestRunner.CreateAccLUMA_TestRunner@2df3b89c]" name="runScenario" class="io.cucumber.testng.AbstractTestNGCucumberTests"/>
      </group> <!-- cucumber -->
    </groups>
    <test started-at="2024-02-05T19:49:15 IST" name="Default test" finished-at="2024-02-05T19:50:17 IST" duration-ms="62343">
      <class name="TestRunner.CreateAccLUMA_TestRunner">
        <test-method is-config="true" signature="setUpClass(org.testng.ITestContext)[pri:0, instance:TestRunner.CreateAccLUMA_TestRunner@2df3b89c]" started-at="2024-02-05T19:49:15 IST" name="setUpClass" finished-at="2024-02-05T19:49:15 IST" duration-ms="522" status="PASS">
          <params>
            <param index="0">
              <value>
                <![CDATA[org.testng.TestRunner@4ff66917]]>
              </value>
            </param>
          </params>
          <reporter-output>
          </reporter-output>
        </test-method> <!-- setUpClass -->
        <test-method signature="print()[pri:0, instance:TestRunner.CreateAccLUMA_TestRunner@2df3b89c]" started-at="2024-02-05T19:49:15 IST" name="print" finished-at="2024-02-05T19:49:15 IST" duration-ms="10" status="PASS">
          <reporter-output>
          </reporter-output>
        </test-method> <!-- print -->
        <test-method signature="runScenario(io.cucumber.testng.PickleWrapper,io.cucumber.testng.FeatureWrapper)[pri:0, instance:TestRunner.CreateAccLUMA_TestRunner@2df3b89c]" started-at="2024-02-05T19:49:15 IST" name="runScenario" description="Runs Cucumber Scenarios" data-provider="scenarios" finished-at="2024-02-05T19:50:17 IST" duration-ms="61700" status="PASS">
          <params>
            <param index="0">
              <value>
                <![CDATA["Title of your scenario"]]>
              </value>
            </param>
            <param index="1">
              <value>
                <![CDATA["Title of your feature"]]>
              </value>
            </param>
          </params>
          <reporter-output>
          </reporter-output>
        </test-method> <!-- runScenario -->
        <test-method is-config="true" signature="tearDownClass()[pri:0, instance:TestRunner.CreateAccLUMA_TestRunner@2df3b89c]" started-at="2024-02-05T19:50:17 IST" name="tearDownClass" finished-at="2024-02-05T19:50:17 IST" duration-ms="59" status="PASS">
          <reporter-output>
          </reporter-output>
        </test-method> <!-- tearDownClass -->
      </class> <!-- TestRunner.CreateAccLUMA_TestRunner -->
    </test> <!-- Default test -->
  </suite> <!-- Default suite -->
</testng-results>
