<?xml version="1.0" encoding="UTF-8"?>
<testng-results ignored="0" total="1" passed="1" failed="0" skipped="0">
  <reporter-output>
  </reporter-output>
  <suite started-at="2024-03-29T00:55:52 IST" name="Default suite" finished-at="2024-03-29T00:56:08 IST" duration-ms="15559">
    <groups>
      <group name="cucumber">
        <method signature="AbstractTestNGCucumberTests.runScenario(io.cucumber.testng.PickleWrapper,io.cucumber.testng.FeatureWrapper)[pri:0, instance:TestRunner.CreateAccLUMA_TestRunner@55de24cc]" name="runScenario" class="io.cucumber.testng.AbstractTestNGCucumberTests"/>
      </group> <!-- cucumber -->
    </groups>
    <test started-at="2024-03-29T00:55:52 IST" name="Default test" finished-at="2024-03-29T00:56:08 IST" duration-ms="15559">
      <class name="TestRunner.CreateAccLUMA_TestRunner">
        <test-method is-config="true" signature="setUpClass(org.testng.ITestContext)[pri:0, instance:TestRunner.CreateAccLUMA_TestRunner@55de24cc]" started-at="2024-03-29T00:55:52 IST" name="setUpClass" finished-at="2024-03-29T00:55:53 IST" duration-ms="938" status="PASS">
          <params>
            <param index="0">
              <value>
                <![CDATA[org.testng.TestRunner@3386ed8]]>
              </value>
            </param>
          </params>
          <reporter-output>
          </reporter-output>
        </test-method> <!-- setUpClass -->
        <test-method is-config="true" signature="start()[pri:0, instance:TestRunner.CreateAccLUMA_TestRunner@55de24cc]" started-at="2024-03-29T00:55:53 IST" name="start" finished-at="2024-03-29T00:55:53 IST" duration-ms="254" status="PASS">
          <reporter-output>
          </reporter-output>
        </test-method> <!-- start -->
        <test-method signature="runScenario(io.cucumber.testng.PickleWrapper,io.cucumber.testng.FeatureWrapper)[pri:0, instance:TestRunner.CreateAccLUMA_TestRunner@55de24cc]" started-at="2024-03-29T00:55:53 IST" name="runScenario" description="Runs Cucumber Scenarios" data-provider="scenarios" finished-at="2024-03-29T00:56:07 IST" duration-ms="13575" status="PASS">
          <params>
            <param index="0">
              <value>
                <![CDATA["Validate Error Messages in Create Account"]]>
              </value>
            </param>
            <param index="1">
              <value>
                <![CDATA["Create Account in LUMA Applications"]]>
              </value>
            </param>
          </params>
          <reporter-output>
          </reporter-output>
        </test-method> <!-- runScenario -->
        <test-method is-config="true" signature="close()[pri:0, instance:TestRunner.CreateAccLUMA_TestRunner@55de24cc]" started-at="2024-03-29T00:56:07 IST" name="close" finished-at="2024-03-29T00:56:08 IST" duration-ms="626" status="PASS">
          <reporter-output>
          </reporter-output>
        </test-method> <!-- close -->
        <test-method is-config="true" signature="tearDownClass()[pri:0, instance:TestRunner.CreateAccLUMA_TestRunner@55de24cc]" started-at="2024-03-29T00:56:08 IST" name="tearDownClass" finished-at="2024-03-29T00:56:08 IST" duration-ms="77" status="PASS">
          <reporter-output>
          </reporter-output>
        </test-method> <!-- tearDownClass -->
      </class> <!-- TestRunner.CreateAccLUMA_TestRunner -->
    </test> <!-- Default test -->
  </suite> <!-- Default suite -->
</testng-results>
