<?xml version="1.0" encoding="UTF-8"?>
<testng-results ignored="0" total="2" passed="1" failed="1" skipped="0">
  <reporter-output>
  </reporter-output>
  <suite started-at="2024-03-15T19:19:51 IST" name="Default suite" finished-at="2024-03-15T19:20:02 IST" duration-ms="10954">
    <groups>
      <group name="cucumber">
        <method signature="AbstractTestNGCucumberTests.runScenario(io.cucumber.testng.PickleWrapper,io.cucumber.testng.FeatureWrapper)[pri:0, instance:TestRunner.CreateAccLUMA_TestRunner@740fb309]" name="runScenario" class="io.cucumber.testng.AbstractTestNGCucumberTests"/>
      </group> <!-- cucumber -->
    </groups>
    <test started-at="2024-03-15T19:19:51 IST" name="Default test" finished-at="2024-03-15T19:20:02 IST" duration-ms="10954">
      <class name="TestRunner.CreateAccLUMA_TestRunner">
        <test-method is-config="true" signature="setUpClass(org.testng.ITestContext)[pri:0, instance:TestRunner.CreateAccLUMA_TestRunner@740fb309]" started-at="2024-03-15T19:19:51 IST" name="setUpClass" finished-at="2024-03-15T19:19:52 IST" duration-ms="1168" status="PASS">
          <params>
            <param index="0">
              <value>
                <![CDATA[org.testng.TestRunner@31ab1e67]]>
              </value>
            </param>
          </params>
          <reporter-output>
          </reporter-output>
        </test-method> <!-- setUpClass -->
        <test-method signature="print()[pri:0, instance:TestRunner.CreateAccLUMA_TestRunner@740fb309]" started-at="2024-03-15T19:19:52 IST" name="print" finished-at="2024-03-15T19:19:52 IST" duration-ms="12" status="PASS">
          <reporter-output>
          </reporter-output>
        </test-method> <!-- print -->
        <test-method signature="runScenario(io.cucumber.testng.PickleWrapper,io.cucumber.testng.FeatureWrapper)[pri:0, instance:TestRunner.CreateAccLUMA_TestRunner@740fb309]" started-at="2024-03-15T19:19:52 IST" name="runScenario" description="Runs Cucumber Scenarios" data-provider="scenarios" finished-at="2024-03-15T19:20:02 IST" duration-ms="9548" status="FAIL">
          <params>
            <param index="0">
              <value>
                <![CDATA["Title of your scenario"]]>
              </value>
            </param>
            <param index="1">
              <value>
                <![CDATA["Title of your feature"]]>
              </value>
            </param>
          </params>
          <exception class="java.lang.NullPointerException">
            <message>
              <![CDATA[Cannot invoke "com.aventstack.extentreports.ExtentTest.addScreenCaptureFromPath(String)" because the return value of "CommonFiles.ExtentReportManager.getExtentTest()" is null]]>
            </message>
            <full-stacktrace>
              <![CDATA[java.lang.NullPointerException: Cannot invoke "com.aventstack.extentreports.ExtentTest.addScreenCaptureFromPath(String)" because the return value of "CommonFiles.ExtentReportManager.getExtentTest()" is null
at CommonFiles.ExtentManager.logTestWithScreenshot(ExtentManager.java:55)
at StepDefinitions.CreateAccLUMA.launchURL(CreateAccLUMA.java:38)
at ✽.Launch Browser(file:///P:/Code/SeleniumWithCucumber_Testing/src/test/java/Features/CreateAccLUMA.feature:3)
]]>
            </full-stacktrace>
          </exception> <!-- java.lang.NullPointerException -->
          <reporter-output>
          </reporter-output>
        </test-method> <!-- runScenario -->
        <test-method is-config="true" signature="tearDownClass()[pri:0, instance:TestRunner.CreateAccLUMA_TestRunner@740fb309]" started-at="2024-03-15T19:20:02 IST" name="tearDownClass" finished-at="2024-03-15T19:20:02 IST" duration-ms="113" status="PASS">
          <reporter-output>
          </reporter-output>
        </test-method> <!-- tearDownClass -->
      </class> <!-- TestRunner.CreateAccLUMA_TestRunner -->
    </test> <!-- Default test -->
  </suite> <!-- Default suite -->
</testng-results>
