<?xml version="1.0" encoding="UTF-8"?>
<!-- Generated by org.testng.reporters.JUnitReportReporter -->
<testsuite hostname="Dharun" failures="0" tests="2" name="TestRunner.CreateAccLUMA_TestRunner" time="9.560" errors="1" timestamp="2024-03-15T19:20:02 IST" skipped="0">
  <testcase classname="TestRunner.CreateAccLUMA_TestRunner" name="runScenario" time="9.548">
    <error message="Cannot invoke &quot;com.aventstack.extentreports.ExtentTest.addScreenCaptureFromPath(String)&quot; because the return value of &quot;CommonFiles.ExtentReportManager.getExtentTest()&quot; is null" type="java.lang.NullPointerException">
      <![CDATA[java.lang.NullPointerException: Cannot invoke "com.aventstack.extentreports.ExtentTest.addScreenCaptureFromPath(String)" because the return value of "CommonFiles.ExtentReportManager.getExtentTest()" is null
at CommonFiles.ExtentManager.logTestWithScreenshot(ExtentManager.java:55)
at StepDefinitions.CreateAccLUMA.launchURL(CreateAccLUMA.java:38)
at ✽.Launch Browser(file:///P:/Code/SeleniumWithCucumber_Testing/src/test/java/Features/CreateAccLUMA.feature:3)
]]>
    </error>
  </testcase> <!-- runScenario -->
  <testcase classname="TestRunner.CreateAccLUMA_TestRunner" name="print" time="0.012"/>
</testsuite> <!-- TestRunner.CreateAccLUMA_TestRunner -->
